<?xml version="1.0" encoding="UTF-8"?>
<testsuite name="com.addressbook.testclass.AddressBookTestClass" tests="1" skipped="0" failures="0" errors="0" timestamp="2019-12-06T05:28:44" hostname="admin1-LIVA-Z2V" time="0.028">
  <properties/>
  <testcase name="givenAddressBook_SearchPersonData_WhenFound_ReturnTrue" classname="com.addressbook.testclass.AddressBookTestClass" time="0.028"/>
  <system-out><![CDATA[Person Information
First Name : Akash
Last Name : Bavalekar
Mobile Number : 9834341522
City Name : Pune
State Name : Maharashtra
Pin Code : 412807
]]></system-out>
  <system-err><![CDATA[]]></system-err>
</testsuite>
