<?xml version="1.0" encoding="UTF-8"?>
<testsuite name="com.addressbook.testclass.AddressBookTestClass" tests="1" skipped="0" failures="0" errors="0" timestamp="2019-12-05T12:56:00" hostname="admin1-LIVA-Z2V" time="0.023">
  <properties/>
  <testcase name="givenPersonDataAdd_InAddressBook" classname="com.addressbook.testclass.AddressBookTestClass" time="0.023"/>
  <system-out><![CDATA[Add person data into file
]]></system-out>
  <system-err><![CDATA[]]></system-err>
</testsuite>
