<?xml version="1.0" encoding="UTF-8"?>
<testsuite name="com.addressbook.testclass.AddressBookTestClass" tests="1" skipped="0" failures="0" errors="0" timestamp="2019-12-06T11:31:26" hostname="admin1-LIVA-Z2V" time="0.021">
  <properties/>
  <testcase name="givenAddressBook_SortBasedByLastName_ShouldReturnTrue" classname="com.addressbook.testclass.AddressBookTestClass" time="0.021"/>
  <system-out><![CDATA[]]></system-out>
  <system-err><![CDATA[]]></system-err>
</testsuite>
