<?xml version="1.0" encoding="UTF-8"?>
<testsuite name="com.addressbook.testclass.AddressBookTestClass" tests="1" skipped="0" failures="0" errors="0" timestamp="2019-12-05T12:35:37" hostname="admin1-LIVA-Z2V" time="0.016">
  <properties/>
  <testcase name="WhenFilePath_AndReturnTypeWrong_TrowException" classname="com.addressbook.testclass.AddressBookTestClass" time="0.016"/>
  <system-out><![CDATA[Exception is : please Enter proper file path or type 
]]></system-out>
  <system-err><![CDATA[]]></system-err>
</testsuite>
